0 info it worked if it ends with ok
1 verbose cli [ '/usr/local/Cellar/node/7.5.0/bin/node',
1 verbose cli   '/usr/local/bin/npm',
1 verbose cli   'publish' ]
2 info using npm@4.1.2
3 info using node@v7.5.0
4 verbose publish [ '.' ]
5 silly cache add args [ '.', null ]
6 verbose cache add spec .
7 silly cache add parsed spec Result {
7 silly cache add   raw: '.',
7 silly cache add   scope: null,
7 silly cache add   escapedName: null,
7 silly cache add   name: null,
7 silly cache add   rawSpec: '.',
7 silly cache add   spec: '/Users/aslinwang/Dev/github/brace-cli',
7 silly cache add   type: 'directory' }
8 verbose addLocalDirectory /Users/aslinwang/.npm/brace-cli/0.0.1/package.tgz not in flight; packing
9 verbose correctMkdir /Users/aslinwang/.npm correctMkdir not in flight; initializing
10 info lifecycle brace-cli@0.0.1~prepublish: brace-cli@0.0.1
11 silly lifecycle brace-cli@0.0.1~prepublish: no script for prepublish, continuing
12 info lifecycle brace-cli@0.0.1~prepare: brace-cli@0.0.1
13 silly lifecycle brace-cli@0.0.1~prepare: no script for prepare, continuing
14 verbose tar pack [ '/Users/aslinwang/.npm/brace-cli/0.0.1/package.tgz',
14 verbose tar pack   '/Users/aslinwang/Dev/github/brace-cli' ]
15 verbose tarball /Users/aslinwang/.npm/brace-cli/0.0.1/package.tgz
16 verbose folder /Users/aslinwang/Dev/github/brace-cli
17 verbose addLocalTarball adding from inside cache /Users/aslinwang/.npm/brace-cli/0.0.1/package.tgz
18 verbose correctMkdir /Users/aslinwang/.npm correctMkdir not in flight; initializing
19 silly cache afterAdd brace-cli@0.0.1
20 verbose afterAdd /Users/aslinwang/.npm/brace-cli/0.0.1/package/package.json not in flight; writing
21 verbose correctMkdir /Users/aslinwang/.npm correctMkdir not in flight; initializing
22 verbose afterAdd /Users/aslinwang/.npm/brace-cli/0.0.1/package/package.json written
23 silly publish { name: 'brace-cli',
23 silly publish   version: '0.0.1',
23 silly publish   description: 'cli for brace',
23 silly publish   repository:
23 silly publish    { type: 'git',
23 silly publish      url: 'git+https://github.com/aslinwang/brace-cli.git' },
23 silly publish   scripts: { test: 'mocha' },
23 silly publish   author: { name: 'aslinwang' },
23 silly publish   license: 'MIT',
23 silly publish   bugs: { url: 'https://github.com/aslinwang/brace-cli/issues' },
23 silly publish   bin: { brace: 'bin/brace' },
23 silly publish   main: 'index.js',
23 silly publish   dependencies: { commander: '^2.15.0' },
23 silly publish   devDependencies: { del: '^3.0.0', 'js-beautify': '^1.7.5', mkdirp: '^0.5.1' },
23 silly publish   readme: 'brace-cli\r\n======\r\n\r\nbrace下的实用工具\r\n\r\nInstall\r\n-------\r\n* `npm install brace-cli -g`\r\n\r\n配置文件\r\n* .brace.json，存放在项目根目录下，配置示例如下：\r\n```\r\n{\r\n  "tmpdir": "_brace", // 临时目录名，在项目根目录下创建\r\n  "compare": { // `brace -c`相关\r\n    "local": "php/htdocs/protected/modules/config/h5.ver.json", // 本地构建之后的版本管理文件路径\r\n    "cdn": "svn/modules/config/h5.ver.json", // 线上版本管理文件路径\r\n    "cdnprefix": "http://mat1.gtimg.com/auto/dptechan/static/" // CDN静态资源前缀\r\n  }\r\n}\r\n```\r\n\r\n使用\r\n------\r\n* `brace -c`\r\n\r\n比较本地构建出来的静态资源与线上CDN上的资源的差异，构建之后的文件生成在项目跟目录下`/_brace/compare/`下\r\n',
23 silly publish   readmeFilename: 'README.md',
23 silly publish   gitHead: 'f7921621b80a9e6ea3cdcbb3107f9764222104f7',
23 silly publish   homepage: 'https://github.com/aslinwang/brace-cli#readme',
23 silly publish   _id: 'brace-cli@0.0.1',
23 silly publish   _shasum: '184ab02b9e7e05451d4765ccf9f01645f0594ee9',
23 silly publish   _from: '.' }
24 info lifecycle brace-cli@0.0.1~prepublishOnly: brace-cli@0.0.1
25 silly lifecycle brace-cli@0.0.1~prepublishOnly: no script for prepublishOnly, continuing
26 verbose getPublishConfig undefined
27 silly mapToRegistry name brace-cli
28 silly mapToRegistry using default registry
29 silly mapToRegistry registry https://registry.npmjs.org/
30 silly mapToRegistry data Result {
30 silly mapToRegistry   raw: 'brace-cli',
30 silly mapToRegistry   scope: null,
30 silly mapToRegistry   escapedName: 'brace-cli',
30 silly mapToRegistry   name: 'brace-cli',
30 silly mapToRegistry   rawSpec: '',
30 silly mapToRegistry   spec: 'latest',
30 silly mapToRegistry   type: 'tag' }
31 silly mapToRegistry uri https://registry.npmjs.org/brace-cli
32 verbose publish registryBase https://registry.npmjs.org/
33 silly publish uploading /Users/aslinwang/.npm/brace-cli/0.0.1/package.tgz
34 verbose request uri https://registry.npmjs.org/brace-cli
35 verbose request sending authorization for write operation
36 info attempt registry request try #1 at 下午9:24:06
37 verbose request using bearer token for auth
38 verbose request id 1580f887024bfd6f
39 http request PUT https://registry.npmjs.org/brace-cli
40 http 403 https://registry.npmjs.org/brace-cli
41 verbose headers { 'content-type': 'application/json',
41 verbose headers   'cache-control': 'max-age=300',
41 verbose headers   'content-length': '93',
41 verbose headers   'accept-ranges': 'bytes',
41 verbose headers   date: 'Thu, 15 Mar 2018 13:24:08 GMT',
41 verbose headers   via: '1.1 varnish',
41 verbose headers   connection: 'keep-alive',
41 verbose headers   'x-served-by': 'cache-nrt6144-NRT',
41 verbose headers   'x-cache': 'MISS',
41 verbose headers   'x-cache-hits': '0',
41 verbose headers   'x-timer': 'S1521120247.332266,VS0,VE728',
41 verbose headers   vary: 'Accept-Encoding, Accept' }
42 verbose request invalidating /Users/aslinwang/.npm/registry.npmjs.org/brace-cli on PUT
43 error publish Failed PUT 403
44 verbose stack Error: You cannot publish over the previously published versions: 0.0.1. : brace-cli
44 verbose stack     at makeError (/usr/local/lib/node_modules/npm/node_modules/npm-registry-client/lib/request.js:304:12)
44 verbose stack     at CachingRegistryClient.<anonymous> (/usr/local/lib/node_modules/npm/node_modules/npm-registry-client/lib/request.js:292:14)
44 verbose stack     at Request._callback (/usr/local/lib/node_modules/npm/node_modules/npm-registry-client/lib/request.js:212:14)
44 verbose stack     at Request.self.callback (/usr/local/lib/node_modules/npm/node_modules/request/request.js:186:22)
44 verbose stack     at emitTwo (events.js:106:13)
44 verbose stack     at Request.emit (events.js:192:7)
44 verbose stack     at Request.<anonymous> (/usr/local/lib/node_modules/npm/node_modules/request/request.js:1081:10)
44 verbose stack     at emitOne (events.js:96:13)
44 verbose stack     at Request.emit (events.js:189:7)
44 verbose stack     at IncomingMessage.<anonymous> (/usr/local/lib/node_modules/npm/node_modules/request/request.js:1001:12)
45 verbose statusCode 403
46 verbose pkgid brace-cli
47 verbose cwd /Users/aslinwang/Dev/github/brace-cli
48 error Darwin 17.3.0
49 error argv "/usr/local/Cellar/node/7.5.0/bin/node" "/usr/local/bin/npm" "publish"
50 error node v7.5.0
51 error npm  v4.1.2
52 error code E403
53 error You cannot publish over the previously published versions: 0.0.1. : brace-cli
54 error If you need help, you may report this error at:
54 error     <https://github.com/npm/npm/issues>
55 verbose exit [ 1, true ]
